[0m17:46:07.023650 [debug] [MainThread]: Sending event: {'category': 'dbt', 'action': 'invocation', 'label': 'start', 'context': [<snowplow_tracker.self_describing_json.SelfDescribingJson object at 0x000001CBD294CA50>, <snowplow_tracker.self_describing_json.SelfDescribingJson object at 0x000001CBD2364B90>, <snowplow_tracker.self_describing_json.SelfDescribingJson object at 0x000001CBD25F8510>]}


============================== 17:46:07.039244 | dc59273f-d07b-4723-96d0-fc6326eba876 ==============================
[0m17:46:07.039244 [info ] [MainThread]: Running with dbt=1.7.4
[0m17:46:07.039244 [debug] [MainThread]: running dbt with arguments {'printer_width': '80', 'indirect_selection': 'eager', 'log_cache_events': 'False', 'write_json': 'True', 'partial_parse': 'True', 'cache_selected_only': 'False', 'profiles_dir': 'C:\\Users\\Administrator\\.dbt', 'debug': 'False', 'fail_fast': 'False', 'log_path': 'logs', 'warn_error': 'None', 'version_check': 'True', 'use_colors': 'True', 'use_experimental_parser': 'False', 'no_print': 'None', 'quiet': 'False', 'warn_error_options': 'WarnErrorOptions(include=[], exclude=[])', 'introspect': 'True', 'log_format': 'default', 'invocation_command': 'dbt init', 'target_path': 'None', 'static_parser': 'True', 'send_anonymous_usage_stats': 'True'}
[0m17:46:18.326262 [debug] [MainThread]: Starter project path: C:\Users\Administrator\AppData\Local\Programs\Python\Python311\Lib\site-packages\dbt\include\starter_project
[0m17:46:18.407759 [info ] [MainThread]: 
Your new dbt project "dbtlearn" was created!

For more information on how to configure the profiles.yml file,
please consult the dbt documentation here:

  https://docs.getdbt.com/docs/configure-your-profile

One more thing:

Need help? Don't hesitate to reach out to us via GitHub issues or on Slack:

  https://community.getdbt.com/

Happy modeling!

[0m17:46:18.411771 [info ] [MainThread]: Setting up your profile.
[0m17:46:38.086793 [debug] [MainThread]: Command `dbt init` succeeded at 17:46:38.086793 after 31.11 seconds
[0m17:46:38.087789 [debug] [MainThread]: Sending event: {'category': 'dbt', 'action': 'invocation', 'label': 'end', 'context': [<snowplow_tracker.self_describing_json.SelfDescribingJson object at 0x000001CBD2958A10>, <snowplow_tracker.self_describing_json.SelfDescribingJson object at 0x000001CBD26A6010>, <snowplow_tracker.self_describing_json.SelfDescribingJson object at 0x000001CBD22CEED0>]}
[0m17:46:38.088791 [debug] [MainThread]: Flushing usage events
[0m17:48:04.861976 [debug] [MainThread]: Sending event: {'category': 'dbt', 'action': 'invocation', 'label': 'start', 'context': [<snowplow_tracker.self_describing_json.SelfDescribingJson object at 0x000001BA481AC450>, <snowplow_tracker.self_describing_json.SelfDescribingJson object at 0x000001BA47EF3910>, <snowplow_tracker.self_describing_json.SelfDescribingJson object at 0x000001BA4660A050>]}


============================== 17:48:04.861976 | 7de19647-5e06-473d-b8bf-182ec01e29f8 ==============================
[0m17:48:04.861976 [info ] [MainThread]: Running with dbt=1.7.4
[0m17:48:04.861976 [debug] [MainThread]: running dbt with arguments {'printer_width': '80', 'indirect_selection': 'eager', 'write_json': 'True', 'log_cache_events': 'False', 'partial_parse': 'True', 'cache_selected_only': 'False', 'profiles_dir': 'C:\\Users\\Administrator\\.dbt', 'fail_fast': 'False', 'warn_error': 'None', 'log_path': 'logs', 'version_check': 'True', 'debug': 'False', 'use_colors': 'True', 'use_experimental_parser': 'False', 'no_print': 'None', 'quiet': 'False', 'warn_error_options': 'WarnErrorOptions(include=[], exclude=[])', 'invocation_command': 'dbt init dbtae', 'static_parser': 'True', 'introspect': 'True', 'target_path': 'None', 'log_format': 'default', 'send_anonymous_usage_stats': 'True'}
[0m17:48:04.861976 [debug] [MainThread]: Starter project path: C:\Users\Administrator\AppData\Local\Programs\Python\Python311\Lib\site-packages\dbt\include\starter_project
[0m17:48:04.890963 [info ] [MainThread]: 
Your new dbt project "dbtae" was created!

For more information on how to configure the profiles.yml file,
please consult the dbt documentation here:

  https://docs.getdbt.com/docs/configure-your-profile

One more thing:

Need help? Don't hesitate to reach out to us via GitHub issues or on Slack:

  https://community.getdbt.com/

Happy modeling!

[0m17:48:04.890963 [info ] [MainThread]: Setting up your profile.
[0m17:48:14.005326 [error] [MainThread]: Encountered an error:

[0m17:48:14.055952 [error] [MainThread]: Traceback (most recent call last):
  File "C:\Users\Administrator\AppData\Local\Programs\Python\Python311\Lib\site-packages\dbt\cli\requires.py", line 90, in wrapper
    result, success = func(*args, **kwargs)
                      ^^^^^^^^^^^^^^^^^^^^^
  File "C:\Users\Administrator\AppData\Local\Programs\Python\Python311\Lib\site-packages\dbt\cli\requires.py", line 75, in wrapper
    return func(*args, **kwargs)
           ^^^^^^^^^^^^^^^^^^^^^
  File "C:\Users\Administrator\AppData\Local\Programs\Python\Python311\Lib\site-packages\dbt\cli\main.py", line 515, in init
    results = task.run()
              ^^^^^^^^^^
  File "C:\Users\Administrator\AppData\Local\Programs\Python\Python311\Lib\site-packages\dbt\task\init.py", line 344, in run
    self.setup_profile(profile_name)
  File "C:\Users\Administrator\AppData\Local\Programs\Python\Python311\Lib\site-packages\dbt\task\init.py", line 263, in setup_profile
    adapter = self.ask_for_adapter_choice()
              ^^^^^^^^^^^^^^^^^^^^^^^^^^^^^
  File "C:\Users\Administrator\AppData\Local\Programs\Python\Python311\Lib\site-packages\dbt\task\init.py", line 244, in ask_for_adapter_choice
    numeric_choice = click.prompt(prompt_msg, type=click.INT)
                     ^^^^^^^^^^^^^^^^^^^^^^^^^^^^^^^^^^^^^^^^
  File "C:\Users\Administrator\AppData\Local\Programs\Python\Python311\Lib\site-packages\click\termui.py", line 164, in prompt
    value = prompt_func(prompt)
            ^^^^^^^^^^^^^^^^^^^
  File "C:\Users\Administrator\AppData\Local\Programs\Python\Python311\Lib\site-packages\click\termui.py", line 147, in prompt_func
    raise Abort() from None
click.exceptions.Abort

[0m17:48:14.073150 [debug] [MainThread]: Command `dbt init` failed at 17:48:14.072160 after 9.26 seconds
[0m17:48:14.073150 [debug] [MainThread]: Sending event: {'category': 'dbt', 'action': 'invocation', 'label': 'end', 'context': [<snowplow_tracker.self_describing_json.SelfDescribingJson object at 0x000001BA47E45110>, <snowplow_tracker.self_describing_json.SelfDescribingJson object at 0x000001BA481AE390>, <snowplow_tracker.self_describing_json.SelfDescribingJson object at 0x000001BA47E0BBD0>]}
[0m17:48:14.074145 [debug] [MainThread]: Flushing usage events
[0m17:50:30.837698 [debug] [MainThread]: Sending event: {'category': 'dbt', 'action': 'invocation', 'label': 'start', 'context': [<snowplow_tracker.self_describing_json.SelfDescribingJson object at 0x0000020284A1DF50>, <snowplow_tracker.self_describing_json.SelfDescribingJson object at 0x00000202849E9C10>, <snowplow_tracker.self_describing_json.SelfDescribingJson object at 0x00000202849E8650>]}


============================== 17:50:30.837698 | 31cbff43-bca7-47d6-9ba0-fb4a48936a7c ==============================
[0m17:50:30.837698 [info ] [MainThread]: Running with dbt=1.7.9
[0m17:50:30.837698 [debug] [MainThread]: running dbt with arguments {'printer_width': '80', 'indirect_selection': 'eager', 'write_json': 'True', 'log_cache_events': 'False', 'partial_parse': 'True', 'cache_selected_only': 'False', 'profiles_dir': 'C:\\Users\\Administrator\\.dbt', 'version_check': 'True', 'warn_error': 'None', 'log_path': 'logs', 'fail_fast': 'False', 'debug': 'False', 'use_colors': 'True', 'use_experimental_parser': 'False', 'no_print': 'None', 'quiet': 'False', 'warn_error_options': 'WarnErrorOptions(include=[], exclude=[])', 'static_parser': 'True', 'log_format': 'default', 'introspect': 'True', 'target_path': 'None', 'invocation_command': 'dbt init dbtae', 'send_anonymous_usage_stats': 'True'}
[0m17:50:30.853336 [debug] [MainThread]: Starter project path: C:\Users\Administrator\Desktop\Project\dl-Northwind-Analytics-Pipeline\venv\Lib\site-packages\dbt\include\starter_project
[0m17:50:30.906363 [info ] [MainThread]: 
Your new dbt project "dbtae" was created!

For more information on how to configure the profiles.yml file,
please consult the dbt documentation here:

  https://docs.getdbt.com/docs/configure-your-profile

One more thing:

Need help? Don't hesitate to reach out to us via GitHub issues or on Slack:

  https://community.getdbt.com/

Happy modeling!

[0m17:50:30.906363 [info ] [MainThread]: Setting up your profile.
[0m17:55:31.273557 [info ] [MainThread]: Profile dbtae written to C:\Users\Administrator\.dbt\profiles.yml using target's profile_template.yml and your supplied values. Run 'dbt debug' to validate the connection.
[0m17:55:31.273557 [debug] [MainThread]: Command `dbt init` succeeded at 17:55:31.273557 after 300.51 seconds
[0m17:55:31.273557 [debug] [MainThread]: Sending event: {'category': 'dbt', 'action': 'invocation', 'label': 'end', 'context': [<snowplow_tracker.self_describing_json.SelfDescribingJson object at 0x00000202849D1DD0>, <snowplow_tracker.self_describing_json.SelfDescribingJson object at 0x00000202849E6C10>, <snowplow_tracker.self_describing_json.SelfDescribingJson object at 0x00000202849E7E10>]}
[0m17:55:31.273557 [debug] [MainThread]: Flushing usage events
[0m17:55:42.863018 [debug] [MainThread]: Sending event: {'category': 'dbt', 'action': 'invocation', 'label': 'start', 'context': [<snowplow_tracker.self_describing_json.SelfDescribingJson object at 0x000001574A756FD0>, <snowplow_tracker.self_describing_json.SelfDescribingJson object at 0x000001574A71BED0>, <snowplow_tracker.self_describing_json.SelfDescribingJson object at 0x000001574A362A10>]}


============================== 17:55:42.869567 | 1186280e-66ec-4f74-8f4d-c85f690b4f6d ==============================
[0m17:55:42.869567 [info ] [MainThread]: Running with dbt=1.7.9
[0m17:55:42.869567 [debug] [MainThread]: running dbt with arguments {'printer_width': '80', 'indirect_selection': 'eager', 'log_cache_events': 'False', 'write_json': 'True', 'partial_parse': 'True', 'cache_selected_only': 'False', 'warn_error': 'None', 'version_check': 'True', 'debug': 'False', 'log_path': 'logs', 'profiles_dir': 'C:\\Users\\Administrator\\.dbt', 'fail_fast': 'False', 'use_colors': 'True', 'use_experimental_parser': 'False', 'no_print': 'None', 'quiet': 'False', 'log_format': 'default', 'invocation_command': 'dbt debug', 'static_parser': 'True', 'introspect': 'True', 'target_path': 'None', 'warn_error_options': 'WarnErrorOptions(include=[], exclude=[])', 'send_anonymous_usage_stats': 'True'}
[0m17:55:42.869567 [info ] [MainThread]: dbt version: 1.7.9
[0m17:55:42.869567 [info ] [MainThread]: python version: 3.11.3
[0m17:55:42.869567 [info ] [MainThread]: python path: C:\Users\Administrator\Desktop\Project\dl-Northwind-Analytics-Pipeline\venv\Scripts\python.exe
[0m17:55:42.869567 [info ] [MainThread]: os info: Windows-10-10.0.22000-SP0
[0m17:55:43.791029 [info ] [MainThread]: Error importing adapter: No module named 'dbt.adapters.snowflake'
[0m17:55:43.791029 [info ] [MainThread]: Using profiles dir at C:\Users\Administrator\.dbt
[0m17:55:43.791029 [info ] [MainThread]: Using profiles.yml file at C:\Users\Administrator\.dbt\profiles.yml
[0m17:55:43.804230 [info ] [MainThread]: Using dbt_project.yml file at C:\Users\Administrator\Desktop\project\dl-Northwind-Analytics-Pipeline\dbt_project.yml
[0m17:55:43.805230 [info ] [MainThread]: Configuration:
[0m17:55:43.806244 [info ] [MainThread]:   profiles.yml file [[31mERROR invalid[0m]
[0m17:55:43.807231 [info ] [MainThread]:   dbt_project.yml file [[31mERROR not found[0m]
[0m17:55:43.808232 [info ] [MainThread]: Required dependencies:
[0m17:55:43.809232 [debug] [MainThread]: Executing "git --help"
[0m17:55:43.874595 [debug] [MainThread]: STDOUT: "b"usage: git [-v | --version] [-h | --help] [-C <path>] [-c <name>=<value>]\n           [--exec-path[=<path>]] [--html-path] [--man-path] [--info-path]\n           [-p | --paginate | -P | --no-pager] [--no-replace-objects] [--bare]\n           [--git-dir=<path>] [--work-tree=<path>] [--namespace=<name>]\n           [--config-env=<name>=<envvar>] <command> [<args>]\n\nThese are common Git commands used in various situations:\n\nstart a working area (see also: git help tutorial)\n   clone     Clone a repository into a new directory\n   init      Create an empty Git repository or reinitialize an existing one\n\nwork on the current change (see also: git help everyday)\n   add       Add file contents to the index\n   mv        Move or rename a file, a directory, or a symlink\n   restore   Restore working tree files\n   rm        Remove files from the working tree and from the index\n\nexamine the history and state (see also: git help revisions)\n   bisect    Use binary search to find the commit that introduced a bug\n   diff      Show changes between commits, commit and working tree, etc\n   grep      Print lines matching a pattern\n   log       Show commit logs\n   show      Show various types of objects\n   status    Show the working tree status\n\ngrow, mark and tweak your common history\n   branch    List, create, or delete branches\n   commit    Record changes to the repository\n   merge     Join two or more development histories together\n   rebase    Reapply commits on top of another base tip\n   reset     Reset current HEAD to the specified state\n   switch    Switch branches\n   tag       Create, list, delete or verify a tag object signed with GPG\n\ncollaborate (see also: git help workflows)\n   fetch     Download objects and refs from another repository\n   pull      Fetch from and integrate with another repository or a local branch\n   push      Update remote refs along with associated objects\n\n'git help -a' and 'git help -g' list available subcommands and some\nconcept guides. See 'git help <command>' or 'git help <concept>'\nto read about a specific subcommand or concept.\nSee 'git help git' for an overview of the system.\n""
[0m17:55:43.874595 [debug] [MainThread]: STDERR: "b''"
[0m17:55:43.874595 [info ] [MainThread]:  - git [[32mOK found[0m]

[0m17:55:43.874595 [info ] [MainThread]: Connection test skipped since no profile was found
[0m17:55:43.874595 [info ] [MainThread]: [31m2 checks failed:[0m
[0m17:55:43.874595 [info ] [MainThread]: Could not load dbt_project.yml
Profile loading failed for the following reason:
Runtime Error
  Credentials in profile "dbtlearn", target "dev" invalid: Runtime Error
    Could not find adapter type snowflake!


[0m17:55:43.889619 [info ] [MainThread]: Project loading failed for the following reason:
 project path <C:\Users\Administrator\Desktop\project\dl-Northwind-Analytics-Pipeline\dbt_project.yml> not found

[0m17:55:43.892619 [debug] [MainThread]: Command `dbt debug` failed at 17:55:43.892619 after 1.11 seconds
[0m17:55:43.893619 [debug] [MainThread]: Sending event: {'category': 'dbt', 'action': 'invocation', 'label': 'end', 'context': [<snowplow_tracker.self_describing_json.SelfDescribingJson object at 0x000001574A739B50>, <snowplow_tracker.self_describing_json.SelfDescribingJson object at 0x000001574A377650>, <snowplow_tracker.self_describing_json.SelfDescribingJson object at 0x000001574A219810>]}
[0m17:55:43.894618 [debug] [MainThread]: Flushing usage events
[0m17:57:49.123660 [debug] [MainThread]: Sending event: {'category': 'dbt', 'action': 'invocation', 'label': 'start', 'context': [<snowplow_tracker.self_describing_json.SelfDescribingJson object at 0x0000020649AAE810>, <snowplow_tracker.self_describing_json.SelfDescribingJson object at 0x000002064954A250>, <snowplow_tracker.self_describing_json.SelfDescribingJson object at 0x0000020649692F10>]}


============================== 17:57:49.124498 | 65bf519a-d607-426e-a064-c7594cb555ad ==============================
[0m17:57:49.124498 [info ] [MainThread]: Running with dbt=1.7.9
[0m17:57:49.124498 [debug] [MainThread]: running dbt with arguments {'printer_width': '80', 'indirect_selection': 'eager', 'log_cache_events': 'False', 'write_json': 'True', 'partial_parse': 'True', 'cache_selected_only': 'False', 'profiles_dir': 'C:\\Users\\Administrator\\.dbt', 'debug': 'False', 'warn_error': 'None', 'log_path': 'logs', 'version_check': 'True', 'fail_fast': 'False', 'use_colors': 'True', 'use_experimental_parser': 'False', 'no_print': 'None', 'quiet': 'False', 'warn_error_options': 'WarnErrorOptions(include=[], exclude=[])', 'static_parser': 'True', 'log_format': 'default', 'invocation_command': 'dbt init dbtae', 'target_path': 'None', 'introspect': 'True', 'send_anonymous_usage_stats': 'True'}
[0m17:57:49.124498 [debug] [MainThread]: Starter project path: C:\Users\Administrator\Desktop\Project\dl-Northwind-Analytics-Pipeline\venv\Lib\site-packages\dbt\include\starter_project
[0m17:57:49.150139 [info ] [MainThread]: 
Your new dbt project "dbtae" was created!

For more information on how to configure the profiles.yml file,
please consult the dbt documentation here:

  https://docs.getdbt.com/docs/configure-your-profile

One more thing:

Need help? Don't hesitate to reach out to us via GitHub issues or on Slack:

  https://community.getdbt.com/

Happy modeling!

[0m17:57:49.161068 [info ] [MainThread]: Setting up your profile.
[0m18:02:59.941713 [debug] [MainThread]: Sending event: {'category': 'dbt', 'action': 'invocation', 'label': 'start', 'context': [<snowplow_tracker.self_describing_json.SelfDescribingJson object at 0x000002957A7C5FD0>, <snowplow_tracker.self_describing_json.SelfDescribingJson object at 0x00000295775D0FD0>, <snowplow_tracker.self_describing_json.SelfDescribingJson object at 0x000002957A7DE810>]}


============================== 18:02:59.948723 | 093c31eb-975c-4530-a191-2a11a06a0c37 ==============================
[0m18:02:59.948723 [info ] [MainThread]: Running with dbt=1.7.9
[0m18:02:59.948723 [debug] [MainThread]: running dbt with arguments {'printer_width': '80', 'indirect_selection': 'eager', 'log_cache_events': 'False', 'write_json': 'True', 'partial_parse': 'True', 'cache_selected_only': 'False', 'warn_error': 'None', 'debug': 'False', 'fail_fast': 'False', 'log_path': 'logs', 'version_check': 'True', 'profiles_dir': 'C:\\Users\\Administrator\\.dbt', 'use_colors': 'True', 'use_experimental_parser': 'False', 'no_print': 'None', 'quiet': 'False', 'log_format': 'default', 'introspect': 'True', 'invocation_command': 'dbt init dbtae', 'static_parser': 'True', 'target_path': 'None', 'warn_error_options': 'WarnErrorOptions(include=[], exclude=[])', 'send_anonymous_usage_stats': 'True'}
[0m18:02:59.948723 [debug] [MainThread]: Starter project path: C:\Users\Administrator\Desktop\Project\dl-Northwind-Analytics-Pipeline\venv\Lib\site-packages\dbt\include\starter_project
[0m18:02:59.976477 [info ] [MainThread]: 
Your new dbt project "dbtae" was created!

For more information on how to configure the profiles.yml file,
please consult the dbt documentation here:

  https://docs.getdbt.com/docs/configure-your-profile

One more thing:

Need help? Don't hesitate to reach out to us via GitHub issues or on Slack:

  https://community.getdbt.com/

Happy modeling!

[0m18:02:59.976477 [info ] [MainThread]: Setting up your profile.
[0m18:05:36.594896 [info ] [MainThread]: Profile dbtae written to C:\Users\Administrator\.dbt\profiles.yml using target's profile_template.yml and your supplied values. Run 'dbt debug' to validate the connection.
[0m18:05:36.594896 [debug] [MainThread]: Command `dbt init` succeeded at 18:05:36.594896 after 156.73 seconds
[0m18:05:36.594896 [debug] [MainThread]: Sending event: {'category': 'dbt', 'action': 'invocation', 'label': 'end', 'context': [<snowplow_tracker.self_describing_json.SelfDescribingJson object at 0x000002957A791A10>, <snowplow_tracker.self_describing_json.SelfDescribingJson object at 0x000002957A7ABF90>, <snowplow_tracker.self_describing_json.SelfDescribingJson object at 0x000002957A7A8F90>]}
[0m18:05:36.594896 [debug] [MainThread]: Flushing usage events
